0 info it worked if it ends with ok
1 verbose cli [ 'C:\\Program Files\\nodejs\\node.exe',
1 verbose cli   'C:\\Program Files\\nodejs\\node_modules\\npm\\bin\\npm-cli.js',
1 verbose cli   'install' ]
2 info using npm@3.10.10
3 info using node@v6.10.3
4 silly loadCurrentTree Starting
5 silly install loadCurrentTree
6 silly install readLocalPackageData
7 silly install normalizeTree
8 silly loadCurrentTree Finishing
9 silly loadIdealTree Starting
10 silly install loadIdealTree
11 silly cloneCurrentTree Starting
12 silly install cloneCurrentTreeToIdealTree
13 silly cloneCurrentTree Finishing
14 silly loadShrinkwrap Starting
15 silly install loadShrinkwrap
16 silly loadShrinkwrap Finishing
17 silly loadAllDepsIntoIdealTree Starting
18 silly install loadAllDepsIntoIdealTree
19 silly fetchOtherPackageData node-lifx@git+ssh://git@github.com/node-lifx/develop.git
20 silly cache add args [ 'node-lifx@git+ssh://git@github.com/node-lifx/develop.git',
20 silly cache add   null ]
21 verbose cache add spec node-lifx@git+ssh://git@github.com/node-lifx/develop.git
22 silly cache add parsed spec Result {
22 silly cache add   raw: 'node-lifx@git+ssh://git@github.com/node-lifx/develop.git',
22 silly cache add   scope: null,
22 silly cache add   escapedName: 'node-lifx',
22 silly cache add   name: 'node-lifx',
22 silly cache add   rawSpec: 'git+ssh://git@github.com/node-lifx/develop.git',
22 silly cache add   spec: 'git+ssh://git@github.com/node-lifx/develop.git',
22 silly cache add   type: 'hosted',
22 silly cache add   hosted:
22 silly cache add    { type: 'github',
22 silly cache add      ssh: 'git@github.com:node-lifx/develop.git',
22 silly cache add      sshUrl: 'git+ssh://git@github.com/node-lifx/develop.git',
22 silly cache add      httpsUrl: 'git+https://github.com/node-lifx/develop.git',
22 silly cache add      gitUrl: 'git://github.com/node-lifx/develop.git',
22 silly cache add      shortcut: 'github:node-lifx/develop',
22 silly cache add      directUrl: 'https://raw.githubusercontent.com/node-lifx/develop/master/package.json' } }
23 verbose addRemoteGit caching git+ssh://git@github.com/node-lifx/develop.git
24 verbose addRemoteGit git+ssh://git@github.com/node-lifx/develop.git is a repository hosted by github
25 silly tryClone cloning git+ssh://git@github.com/node-lifx/develop.git via git+ssh://git@github.com/node-lifx/develop.git
26 verbose tryClone git-ssh-git-github-com-node-lifx-develop-git-2b5ad231 not in flight; caching
27 verbose correctMkdir C:\Users\M3ST3\AppData\Roaming\npm-cache\_git-remotes correctMkdir not in flight; initializing
28 info git [ 'clone',
28 info git   '--template=C:\\Users\\M3ST3\\AppData\\Roaming\\npm-cache\\_git-remotes\\_templates',
28 info git   '--mirror',
28 info git   'ssh://git@github.com/node-lifx/develop.git',
28 info git   'C:\\Users\\M3ST3\\AppData\\Roaming\\npm-cache\\_git-remotes\\git-ssh-git-github-com-node-lifx-develop-git-2b5ad231' ]
29 error git clone --template=C:\Users\M3ST3\AppData\Roaming\npm-cache\_git-remotes\_templates --mirror ssh://git@github.com/node-lifx/develop.git C:\Users\M3ST3\AppData\Roaming\npm-cache\_git-remotes\git-ssh-git-github-com-node-lifx-develop-git-2b5ad231: Cloning into bare repository 'C:\Users\M3ST3\AppData\Roaming\npm-cache\_git-remotes\git-ssh-git-github-com-node-lifx-develop-git-2b5ad231'...
29 error git clone --template=C:\Users\M3ST3\AppData\Roaming\npm-cache\_git-remotes\_templates --mirror ssh://git@github.com/node-lifx/develop.git C:\Users\M3ST3\AppData\Roaming\npm-cache\_git-remotes\git-ssh-git-github-com-node-lifx-develop-git-2b5ad231: Host key verification failed.
29 error git clone --template=C:\Users\M3ST3\AppData\Roaming\npm-cache\_git-remotes\_templates --mirror ssh://git@github.com/node-lifx/develop.git C:\Users\M3ST3\AppData\Roaming\npm-cache\_git-remotes\git-ssh-git-github-com-node-lifx-develop-git-2b5ad231: fatal: Could not read from remote repository.
29 error git clone --template=C:\Users\M3ST3\AppData\Roaming\npm-cache\_git-remotes\_templates --mirror ssh://git@github.com/node-lifx/develop.git C:\Users\M3ST3\AppData\Roaming\npm-cache\_git-remotes\git-ssh-git-github-com-node-lifx-develop-git-2b5ad231:
29 error git clone --template=C:\Users\M3ST3\AppData\Roaming\npm-cache\_git-remotes\_templates --mirror ssh://git@github.com/node-lifx/develop.git C:\Users\M3ST3\AppData\Roaming\npm-cache\_git-remotes\git-ssh-git-github-com-node-lifx-develop-git-2b5ad231: Please make sure you have the correct access rights
29 error git clone --template=C:\Users\M3ST3\AppData\Roaming\npm-cache\_git-remotes\_templates --mirror ssh://git@github.com/node-lifx/develop.git C:\Users\M3ST3\AppData\Roaming\npm-cache\_git-remotes\git-ssh-git-github-com-node-lifx-develop-git-2b5ad231: and the repository exists.
30 silly fetchPackageMetaData Error: Command failed: git -c core.longpaths=true clone --template=C:\Users\M3ST3\AppData\Roaming\npm-cache\_git-remotes\_templates --mirror ssh://git@github.com/node-lifx/develop.git C:\Users\M3ST3\AppData\Roaming\npm-cache\_git-remotes\git-ssh-git-github-com-node-lifx-develop-git-2b5ad231
30 silly fetchPackageMetaData Cloning into bare repository 'C:\Users\M3ST3\AppData\Roaming\npm-cache\_git-remotes\git-ssh-git-github-com-node-lifx-develop-git-2b5ad231'...
30 silly fetchPackageMetaData Host key verification failed.
30 silly fetchPackageMetaData fatal: Could not read from remote repository.
30 silly fetchPackageMetaData
30 silly fetchPackageMetaData Please make sure you have the correct access rights
30 silly fetchPackageMetaData and the repository exists.
30 silly fetchPackageMetaData
30 silly fetchPackageMetaData     at ChildProcess.exithandler (child_process.js:204:12)
30 silly fetchPackageMetaData     at emitTwo (events.js:106:13)
30 silly fetchPackageMetaData     at ChildProcess.emit (events.js:191:7)
30 silly fetchPackageMetaData     at maybeClose (internal/child_process.js:886:16)
30 silly fetchPackageMetaData     at Socket.<anonymous> (internal/child_process.js:342:11)
30 silly fetchPackageMetaData     at emitOne (events.js:96:13)
30 silly fetchPackageMetaData     at Socket.emit (events.js:188:7)
30 silly fetchPackageMetaData     at Pipe._handle.close [as _onclose] (net.js:497:12)
30 silly fetchPackageMetaData  error for node-lifx@git+ssh://git@github.com/node-lifx/develop.git { Error: Command failed: git -c core.longpaths=true clone --template=C:\Users\M3ST3\AppData\Roaming\npm-cache\_git-remotes\_templates --mirror ssh://git@github.com/node-lifx/develop.git C:\Users\M3ST3\AppData\Roaming\npm-cache\_git-remotes\git-ssh-git-github-com-node-lifx-develop-git-2b5ad231
30 silly fetchPackageMetaData Cloning into bare repository 'C:\Users\M3ST3\AppData\Roaming\npm-cache\_git-remotes\git-ssh-git-github-com-node-lifx-develop-git-2b5ad231'...
30 silly fetchPackageMetaData Host key verification failed.
30 silly fetchPackageMetaData fatal: Could not read from remote repository.
30 silly fetchPackageMetaData
30 silly fetchPackageMetaData Please make sure you have the correct access rights
30 silly fetchPackageMetaData and the repository exists.
30 silly fetchPackageMetaData
30 silly fetchPackageMetaData     at ChildProcess.exithandler (child_process.js:204:12)
30 silly fetchPackageMetaData     at emitTwo (events.js:106:13)
30 silly fetchPackageMetaData     at ChildProcess.emit (events.js:191:7)
30 silly fetchPackageMetaData     at maybeClose (internal/child_process.js:886:16)
30 silly fetchPackageMetaData     at Socket.<anonymous> (internal/child_process.js:342:11)
30 silly fetchPackageMetaData     at emitOne (events.js:96:13)
30 silly fetchPackageMetaData     at Socket.emit (events.js:188:7)
30 silly fetchPackageMetaData     at Pipe._handle.close [as _onclose] (net.js:497:12)
30 silly fetchPackageMetaData   killed: false,
30 silly fetchPackageMetaData   code: 128,
30 silly fetchPackageMetaData   signal: null,
30 silly fetchPackageMetaData   cmd: 'git -c core.longpaths=true clone --template=C:\\Users\\M3ST3\\AppData\\Roaming\\npm-cache\\_git-remotes\\_templates --mirror ssh://git@github.com/node-lifx/develop.git C:\\Users\\M3ST3\\AppData\\Roaming\\npm-cache\\_git-remotes\\git-ssh-git-github-com-node-lifx-develop-git-2b5ad231' }
31 silly rollbackFailedOptional Starting
32 silly rollbackFailedOptional Finishing
33 silly runTopLevelLifecycles Finishing
34 silly install printInstalled
35 verbose stack Error: Command failed: git -c core.longpaths=true clone --template=C:\Users\M3ST3\AppData\Roaming\npm-cache\_git-remotes\_templates --mirror ssh://git@github.com/node-lifx/develop.git C:\Users\M3ST3\AppData\Roaming\npm-cache\_git-remotes\git-ssh-git-github-com-node-lifx-develop-git-2b5ad231
35 verbose stack Cloning into bare repository 'C:\Users\M3ST3\AppData\Roaming\npm-cache\_git-remotes\git-ssh-git-github-com-node-lifx-develop-git-2b5ad231'...
35 verbose stack Host key verification failed.
35 verbose stack fatal: Could not read from remote repository.
35 verbose stack
35 verbose stack Please make sure you have the correct access rights
35 verbose stack and the repository exists.
35 verbose stack
35 verbose stack     at ChildProcess.exithandler (child_process.js:204:12)
35 verbose stack     at emitTwo (events.js:106:13)
35 verbose stack     at ChildProcess.emit (events.js:191:7)
35 verbose stack     at maybeClose (internal/child_process.js:886:16)
35 verbose stack     at Socket.<anonymous> (internal/child_process.js:342:11)
35 verbose stack     at emitOne (events.js:96:13)
35 verbose stack     at Socket.emit (events.js:188:7)
35 verbose stack     at Pipe._handle.close [as _onclose] (net.js:497:12)
36 verbose cwd C:\Users\M3ST3\Documents\GitHub\HomeAutomation\Server
37 error Windows_NT 10.0.16299
38 error argv "C:\\Program Files\\nodejs\\node.exe" "C:\\Program Files\\nodejs\\node_modules\\npm\\bin\\npm-cli.js" "install"
39 error node v6.10.3
40 error npm  v3.10.10
41 error code 128
42 error Command failed: git -c core.longpaths=true clone --template=C:\Users\M3ST3\AppData\Roaming\npm-cache\_git-remotes\_templates --mirror ssh://git@github.com/node-lifx/develop.git C:\Users\M3ST3\AppData\Roaming\npm-cache\_git-remotes\git-ssh-git-github-com-node-lifx-develop-git-2b5ad231
42 error Cloning into bare repository 'C:\Users\M3ST3\AppData\Roaming\npm-cache\_git-remotes\git-ssh-git-github-com-node-lifx-develop-git-2b5ad231'...
42 error Host key verification failed.
42 error fatal: Could not read from remote repository.
42 error
42 error Please make sure you have the correct access rights
42 error and the repository exists.
43 error If you need help, you may report this error at:
43 error     <https://github.com/npm/npm/issues>
44 verbose exit [ 1, true ]
